18:37:01,762 INFO  Runnables:11 - Program is started
18:37:01,767 INFO  Runnables:18 - Program is over
18:37:01,767 INFO  Threads:15 - Thread-0 is running!
18:37:01,767 INFO  Runnables:15 - Thread-1 is running!
18:37:01,774 INFO  Runnables:18 - Thread-1: counter is 2
18:37:01,774 INFO  Threads:18 - Thread-0: counter is 1
18:37:01,775 INFO  Runnables:18 - Thread-1: counter is 3
18:37:01,775 INFO  Threads:18 - Thread-0: counter is 4
18:37:01,777 INFO  Runnables:18 - Thread-1: counter is 5
18:37:01,777 INFO  Threads:18 - Thread-0: counter is 6
18:37:01,778 INFO  Threads:18 - Thread-0: counter is 8
18:37:01,777 INFO  Runnables:18 - Thread-1: counter is 7
18:37:01,778 INFO  Threads:18 - Thread-0: counter is 9
18:37:01,778 INFO  Runnables:18 - Thread-1: counter is 10
18:37:01,778 INFO  Threads:18 - Thread-0: counter is 11
18:37:01,780 INFO  Runnables:18 - Thread-1: counter is 12
18:37:01,780 INFO  Threads:18 - Thread-0: counter is 13
18:37:01,782 INFO  Runnables:18 - Thread-1: counter is 14
18:37:01,783 INFO  Threads:18 - Thread-0: counter is 15
18:37:01,783 INFO  Runnables:18 - Thread-1: counter is 16
18:37:01,783 INFO  Threads:18 - Thread-0: counter is 17
18:37:01,783 INFO  Runnables:18 - Thread-1: counter is 18
18:37:01,783 INFO  Threads:18 - Thread-0: counter is 19
18:37:01,783 INFO  Runnables:18 - Thread-1: counter is 20
18:37:01,783 INFO  Threads:18 - Thread-0: counter is 21
18:37:01,784 INFO  Runnables:18 - Thread-1: counter is 22
18:37:01,784 INFO  Threads:18 - Thread-0: counter is 23
18:37:01,784 INFO  Threads:18 - Thread-0: counter is 25
18:37:01,784 INFO  Threads:18 - Thread-0: counter is 26
18:37:01,784 INFO  Threads:18 - Thread-0: counter is 27
18:37:01,784 INFO  Threads:18 - Thread-0: counter is 28
18:37:01,785 INFO  Threads:18 - Thread-0: counter is 29
18:37:01,784 INFO  Runnables:18 - Thread-1: counter is 24
18:37:01,785 INFO  Threads:18 - Thread-0: counter is 30
18:37:01,785 INFO  Runnables:18 - Thread-1: counter is 31
18:37:01,785 INFO  Threads:18 - Thread-0: counter is 32
18:37:01,785 INFO  Runnables:18 - Thread-1: counter is 33
18:37:01,786 INFO  Runnables:18 - Thread-1: counter is 35
18:37:01,785 INFO  Threads:18 - Thread-0: counter is 34
18:37:01,786 INFO  Threads:18 - Thread-0: counter is 37
18:37:01,786 INFO  Threads:18 - Thread-0: counter is 38
18:37:01,786 INFO  Threads:18 - Thread-0: counter is 39
18:37:01,787 INFO  Threads:18 - Thread-0: counter is 40
18:37:01,787 INFO  Threads:18 - Thread-0: counter is 41
18:37:01,787 INFO  Threads:18 - Thread-0: counter is 42
18:37:01,786 INFO  Runnables:18 - Thread-1: counter is 36
18:37:01,787 INFO  Runnables:18 - Thread-1: counter is 44
18:37:01,787 INFO  Runnables:18 - Thread-1: counter is 45
18:37:01,787 INFO  Runnables:18 - Thread-1: counter is 46
18:37:01,787 INFO  Threads:18 - Thread-0: counter is 43
18:37:01,787 INFO  Runnables:18 - Thread-1: counter is 47
18:37:01,788 INFO  Runnables:18 - Thread-1: counter is 49
18:37:01,788 INFO  Threads:18 - Thread-0: counter is 48
18:37:01,788 INFO  Runnables:18 - Thread-1: counter is 50
18:37:01,788 INFO  Threads:18 - Thread-0: counter is 51
18:37:01,788 INFO  Threads:18 - Thread-0: counter is 53
18:37:01,788 INFO  Runnables:18 - Thread-1: counter is 52
18:37:01,789 INFO  Runnables:18 - Thread-1: counter is 55
18:37:01,788 INFO  Threads:18 - Thread-0: counter is 54
18:37:01,789 INFO  Runnables:18 - Thread-1: counter is 56
18:37:01,789 INFO  Runnables:18 - Thread-1: counter is 58
18:37:01,789 INFO  Threads:18 - Thread-0: counter is 57
18:37:01,789 INFO  Runnables:18 - Thread-1: counter is 59
18:37:01,789 INFO  Threads:18 - Thread-0: counter is 60
18:37:01,790 INFO  Runnables:18 - Thread-1: counter is 61
18:37:01,790 INFO  Runnables:18 - Thread-1: counter is 63
18:37:01,790 INFO  Threads:18 - Thread-0: counter is 62
18:37:01,790 INFO  Threads:18 - Thread-0: counter is 65
18:37:01,790 INFO  Threads:18 - Thread-0: counter is 66
18:37:01,790 INFO  Threads:18 - Thread-0: counter is 67
18:37:01,790 INFO  Threads:18 - Thread-0: counter is 68
18:37:01,791 INFO  Threads:18 - Thread-0: counter is 69
18:37:01,790 INFO  Runnables:18 - Thread-1: counter is 64
18:37:01,791 INFO  Runnables:18 - Thread-1: counter is 71
18:37:01,791 INFO  Runnables:18 - Thread-1: counter is 72
18:37:01,791 INFO  Runnables:18 - Thread-1: counter is 73
18:37:01,791 INFO  Runnables:18 - Thread-1: counter is 74
18:37:01,791 INFO  Threads:18 - Thread-0: counter is 70
18:37:01,791 INFO  Runnables:18 - Thread-1: counter is 75
18:37:01,792 INFO  Threads:18 - Thread-0: counter is 76
18:37:01,792 INFO  Runnables:18 - Thread-1: counter is 77
18:37:01,792 INFO  Threads:18 - Thread-0: counter is 78
18:37:01,792 INFO  Runnables:18 - Thread-1: counter is 79
18:37:01,792 INFO  Threads:18 - Thread-0: counter is 80
18:37:01,792 INFO  Runnables:18 - Thread-1: counter is 81
18:37:01,792 INFO  Threads:18 - Thread-0: counter is 82
18:37:01,792 INFO  Runnables:18 - Thread-1: counter is 83
18:37:01,793 INFO  Threads:18 - Thread-0: counter is 84
18:37:01,793 INFO  Runnables:18 - Thread-1: counter is 85
18:37:01,793 INFO  Threads:18 - Thread-0: counter is 86
18:37:01,793 INFO  Runnables:18 - Thread-1: counter is 87
18:37:01,793 INFO  Threads:18 - Thread-0: counter is 88
18:37:01,793 INFO  Runnables:18 - Thread-1: counter is 89
18:37:01,793 INFO  Threads:18 - Thread-0: counter is 90
18:37:01,794 INFO  Threads:18 - Thread-0: counter is 92
18:37:01,794 INFO  Runnables:18 - Thread-1: counter is 91
18:37:01,794 INFO  Threads:18 - Thread-0: counter is 93
18:37:01,794 INFO  Threads:18 - Thread-0: counter is 95
18:37:01,794 INFO  Threads:18 - Thread-0: counter is 96
18:37:01,794 INFO  Runnables:18 - Thread-1: counter is 94
18:37:01,794 INFO  Runnables:18 - Thread-1: counter is 98
18:37:01,795 INFO  Runnables:18 - Thread-1: counter is 99
18:37:01,795 INFO  Runnables:18 - Thread-1: counter is 100
18:37:01,795 INFO  Runnables:18 - Thread-1: counter is 101
18:37:01,794 INFO  Threads:18 - Thread-0: counter is 97
18:37:01,795 INFO  Threads:18 - Thread-0: counter is 103
18:37:01,795 INFO  Threads:18 - Thread-0: counter is 104
18:37:01,795 INFO  Threads:18 - Thread-0: counter is 105
18:37:01,795 INFO  Runnables:18 - Thread-1: counter is 102
18:37:01,795 INFO  Threads:18 - Thread-0: counter is 106
18:37:01,796 INFO  Runnables:18 - Thread-1: counter is 107
18:37:01,796 INFO  Threads:18 - Thread-0: counter is 108
18:37:01,796 INFO  Runnables:18 - Thread-1: counter is 109
18:37:01,796 INFO  Threads:18 - Thread-0: counter is 110
18:37:01,797 INFO  Threads:18 - Thread-0: counter is 112
18:37:01,797 INFO  Threads:18 - Thread-0: counter is 113
18:37:01,797 INFO  Threads:18 - Thread-0: counter is 114
18:37:01,797 INFO  Threads:18 - Thread-0: counter is 115
18:37:01,797 INFO  Threads:18 - Thread-0: counter is 116
18:37:01,796 INFO  Runnables:18 - Thread-1: counter is 111
18:37:01,797 INFO  Threads:18 - Thread-0: counter is 117
18:37:01,797 INFO  Runnables:18 - Thread-1: counter is 118
18:37:01,797 INFO  Threads:18 - Thread-0: counter is 119
18:37:01,797 INFO  Runnables:18 - Thread-1: counter is 120
18:37:01,797 INFO  Threads:18 - Thread-0: counter is 121
18:37:01,798 INFO  Runnables:18 - Thread-1: counter is 122
18:37:01,798 INFO  Threads:18 - Thread-0: counter is 123
18:37:01,798 INFO  Runnables:18 - Thread-1: counter is 124
18:37:01,798 INFO  Threads:18 - Thread-0: counter is 125
18:37:01,798 INFO  Runnables:18 - Thread-1: counter is 126
18:37:01,798 INFO  Threads:18 - Thread-0: counter is 127
18:37:01,798 INFO  Runnables:18 - Thread-1: counter is 128
18:37:01,798 INFO  Threads:18 - Thread-0: counter is 129
18:37:01,798 INFO  Runnables:18 - Thread-1: counter is 130
18:37:01,798 INFO  Threads:18 - Thread-0: counter is 131
18:37:01,798 INFO  Runnables:18 - Thread-1: counter is 132
18:37:01,799 INFO  Threads:18 - Thread-0: counter is 133
18:37:01,799 INFO  Runnables:18 - Thread-1: counter is 134
18:37:01,799 INFO  Threads:18 - Thread-0: counter is 135
18:37:01,799 INFO  Runnables:18 - Thread-1: counter is 136
18:37:01,799 INFO  Threads:18 - Thread-0: counter is 137
18:37:01,799 INFO  Runnables:18 - Thread-1: counter is 138
18:37:01,799 INFO  Threads:18 - Thread-0: counter is 139
18:37:01,799 INFO  Runnables:18 - Thread-1: counter is 140
18:37:01,800 INFO  Threads:18 - Thread-0: counter is 141
18:37:01,800 INFO  Runnables:18 - Thread-1: counter is 142
18:37:01,800 INFO  Threads:18 - Thread-0: counter is 143
18:37:01,800 INFO  Runnables:18 - Thread-1: counter is 144
18:37:01,800 INFO  Threads:18 - Thread-0: counter is 145
18:37:01,800 INFO  Runnables:18 - Thread-1: counter is 146
18:37:01,800 INFO  Threads:18 - Thread-0: counter is 147
18:37:01,800 INFO  Threads:18 - Thread-0: counter is 149
18:37:01,800 INFO  Runnables:18 - Thread-1: counter is 148
18:37:01,801 INFO  Threads:18 - Thread-0: counter is 150
18:37:01,801 INFO  Runnables:18 - Thread-1: counter is 151
18:37:01,801 INFO  Threads:18 - Thread-0: counter is 152
18:37:01,801 INFO  Runnables:18 - Thread-1: counter is 153
18:37:01,801 INFO  Runnables:18 - Thread-1: counter is 155
18:37:01,801 INFO  Runnables:18 - Thread-1: counter is 156
18:37:01,801 INFO  Runnables:18 - Thread-1: counter is 157
18:37:01,802 INFO  Runnables:18 - Thread-1: counter is 158
18:37:01,801 INFO  Threads:18 - Thread-0: counter is 154
18:37:01,802 INFO  Runnables:18 - Thread-1: counter is 159
18:37:01,802 INFO  Threads:18 - Thread-0: counter is 160
18:37:01,802 INFO  Runnables:18 - Thread-1: counter is 161
18:37:01,802 INFO  Threads:18 - Thread-0: counter is 162
18:37:01,802 INFO  Runnables:18 - Thread-1: counter is 163
18:37:01,803 INFO  Threads:18 - Thread-0: counter is 164
18:37:01,803 INFO  Threads:18 - Thread-0: counter is 166
18:37:01,803 INFO  Runnables:18 - Thread-1: counter is 165
18:37:01,803 INFO  Threads:18 - Thread-0: counter is 167
18:37:01,803 INFO  Runnables:18 - Thread-1: counter is 168
18:37:01,803 INFO  Threads:18 - Thread-0: counter is 169
18:37:01,803 INFO  Runnables:18 - Thread-1: counter is 170
18:37:01,803 INFO  Threads:18 - Thread-0: counter is 171
18:37:01,803 INFO  Runnables:18 - Thread-1: counter is 172
18:37:01,804 INFO  Threads:18 - Thread-0: counter is 173
18:37:01,804 INFO  Runnables:18 - Thread-1: counter is 174
18:37:01,804 INFO  Threads:18 - Thread-0: counter is 175
18:37:01,804 INFO  Runnables:18 - Thread-1: counter is 176
18:37:01,804 INFO  Threads:18 - Thread-0: counter is 177
18:37:01,804 INFO  Runnables:18 - Thread-1: counter is 178
18:37:01,804 INFO  Runnables:18 - Thread-1: counter is 180
18:37:01,804 INFO  Threads:18 - Thread-0: counter is 179
18:37:01,804 INFO  Runnables:18 - Thread-1: counter is 181
18:37:01,805 INFO  Threads:18 - Thread-0: counter is 182
18:37:01,805 INFO  Runnables:18 - Thread-1: counter is 183
18:37:01,805 INFO  Threads:18 - Thread-0: counter is 184
18:37:01,805 INFO  Runnables:18 - Thread-1: counter is 185
18:37:01,805 INFO  Threads:18 - Thread-0: counter is 186
18:37:01,805 INFO  Runnables:18 - Thread-1: counter is 187
18:37:01,805 INFO  Threads:18 - Thread-0: counter is 188
18:37:01,805 INFO  Runnables:18 - Thread-1: counter is 189
18:37:01,806 INFO  Runnables:18 - Thread-1: counter is 191
18:37:01,806 INFO  Runnables:18 - Thread-1: counter is 192
18:37:01,805 INFO  Threads:18 - Thread-0: counter is 190
18:37:01,806 INFO  Runnables:18 - Thread-1: counter is 193
18:37:01,806 INFO  Runnables:18 - Thread-1: counter is 194
18:37:01,806 INFO  Threads:20 - Thread-0 is over
18:37:01,806 INFO  Runnables:18 - Thread-1: counter is 195
18:37:01,807 INFO  Runnables:18 - Thread-1: counter is 196
18:37:01,807 INFO  Runnables:18 - Thread-1: counter is 197
18:37:01,807 INFO  Runnables:18 - Thread-1: counter is 198
18:37:01,807 INFO  Runnables:18 - Thread-1: counter is 199
18:37:01,807 INFO  Runnables:18 - Thread-1: counter is 200
18:37:01,807 INFO  Runnables:20 - Thread-1 is over!
